<?xml version="1.0" encoding="UTF-8"?>
<!-- Generated by org.testng.reporters.JUnitXMLReporter -->
<testsuite hostname="LAPTOP-THVK1LJ5" name="Test" tests="1" failures="1" timestamp="13 Dec 2020 18:47:22 GMT" time="7.798" errors="0">
  <testcase name="basePageNavigation" time="0.133" classname="phoenix.assertTitle">
    <failure type="java.lang.AssertionError" message="expected [Fesatured Courses] but found [Featured Courses]">
      <![CDATA[java.lang.AssertionError: expected [Fesatured Courses] but found [Featured Courses]
	at phoenix.assertTitle.basePageNavigation(assertTitle.java:35)
	at java.util.concurrent.FutureTask.run(FutureTask.java:266)
	at java.util.concurrent.ThreadPoolExecutor.runWorker(ThreadPoolExecutor.java:1149)
	at java.util.concurrent.ThreadPoolExecutor$Worker.run(ThreadPoolExecutor.java:624)
	at java.lang.Thread.run(Thread.java:748)
... Removed 22 stack frames]]>
    </failure>
  </testcase> <!-- basePageNavigation -->
</testsuite> <!-- Test -->
