<?xml version="1.0" encoding="UTF-8"?>
<!-- Generated by org.testng.reporters.JUnitXMLReporter -->
<testsuite hostname="LAPTOP-THVK1LJ5" ignored="0" name="Test" tests="3" failures="0" timestamp="11 Dec 2020 15:21:16 GMT" time="33.628" errors="0">
  <testcase name="basePageNavigation" time="8.283" classname="phoenix.HomePage"/>
  <testcase name="basePageNavigation" time="6.929" classname="phoenix.HomePage"/>
  <testcase name="basePageNavigation" time="0.162" classname="phoenix.assertTitle"/>
</testsuite> <!-- Test -->
