<?xml version="1.0" encoding="UTF-8"?>
<testng-results skipped="0" failed="0" ignored="0" total="3" passed="3">
  <reporter-output>
  </reporter-output>
  <suite name="Suite" duration-ms="33628" started-at="2020-12-11T15:20:43Z" finished-at="2020-12-11T15:21:16Z">
    <groups>
    </groups>
    <test name="Test" duration-ms="33628" started-at="2020-12-11T15:20:43Z" finished-at="2020-12-11T15:21:16Z">
      <class name="phoenix.HomePage">
        <test-method status="PASS" signature="initialize()[pri:0, instance:phoenix.HomePage@76508ed1]" name="initialize" is-config="true" duration-ms="6356" started-at="2020-12-11T15:20:43Z" finished-at="2020-12-11T15:20:49Z">
          <reporter-output>
          </reporter-output>
        </test-method> <!-- initialize -->
        <test-method status="PASS" signature="basePageNavigation(java.lang.String, java.lang.String)[pri:0, instance:phoenix.HomePage@76508ed1]" name="basePageNavigation" duration-ms="8283" started-at="2020-12-11T15:20:49Z" data-provider="getData" finished-at="2020-12-11T15:20:57Z">
          <params>
            <param index="0">
              <value>
                <![CDATA[abc@xyz.com]]>
              </value>
            </param>
            <param index="1">
              <value>
                <![CDATA[abc@xy123]]>
              </value>
            </param>
          </params>
          <reporter-output>
          </reporter-output>
        </test-method> <!-- basePageNavigation -->
        <test-method status="PASS" signature="tearDown()[pri:0, instance:phoenix.HomePage@76508ed1]" name="tearDown" is-config="true" duration-ms="68" started-at="2020-12-11T15:20:57Z" finished-at="2020-12-11T15:20:58Z">
          <reporter-output>
          </reporter-output>
        </test-method> <!-- tearDown -->
        <test-method status="PASS" signature="initialize()[pri:0, instance:phoenix.HomePage@76508ed1]" name="initialize" is-config="true" duration-ms="5971" started-at="2020-12-11T15:20:58Z" finished-at="2020-12-11T15:21:03Z">
          <reporter-output>
          </reporter-output>
        </test-method> <!-- initialize -->
        <test-method status="PASS" signature="basePageNavigation(java.lang.String, java.lang.String)[pri:0, instance:phoenix.HomePage@76508ed1]" name="basePageNavigation" duration-ms="6929" started-at="2020-12-11T15:21:03Z" data-provider="getData" finished-at="2020-12-11T15:21:10Z">
          <params>
            <param index="0">
              <value>
                <![CDATA[abc@xvz.com]]>
              </value>
            </param>
            <param index="1">
              <value>
                <![CDATA[abc@xv123]]>
              </value>
            </param>
          </params>
          <reporter-output>
          </reporter-output>
        </test-method> <!-- basePageNavigation -->
        <test-method status="PASS" signature="tearDown()[pri:0, instance:phoenix.HomePage@76508ed1]" name="tearDown" is-config="true" duration-ms="108" started-at="2020-12-11T15:21:10Z" finished-at="2020-12-11T15:21:11Z">
          <reporter-output>
          </reporter-output>
        </test-method> <!-- tearDown -->
      </class> <!-- phoenix.HomePage -->
      <class name="phoenix.assertTitle">
        <test-method status="PASS" signature="initialize()[pri:0, instance:phoenix.assertTitle@41e36e46]" name="initialize" is-config="true" duration-ms="5619" started-at="2020-12-11T15:21:11Z" finished-at="2020-12-11T15:21:16Z">
          <reporter-output>
          </reporter-output>
        </test-method> <!-- initialize -->
        <test-method status="PASS" signature="basePageNavigation()[pri:0, instance:phoenix.assertTitle@41e36e46]" name="basePageNavigation" duration-ms="162" started-at="2020-12-11T15:21:16Z" finished-at="2020-12-11T15:21:16Z">
          <reporter-output>
          </reporter-output>
        </test-method> <!-- basePageNavigation -->
        <test-method status="PASS" signature="tearDown()[pri:0, instance:phoenix.assertTitle@41e36e46]" name="tearDown" is-config="true" duration-ms="93" started-at="2020-12-11T15:21:16Z" finished-at="2020-12-11T15:21:16Z">
          <reporter-output>
          </reporter-output>
        </test-method> <!-- tearDown -->
      </class> <!-- phoenix.assertTitle -->
    </test> <!-- Test -->
  </suite> <!-- Suite -->
</testng-results>
